E:\VS2010_PROJ\CPP_LUA\DEBUG\USERDATA.DLL
E:\vs2010_proj\cpp_lua\Debug\userdata.exp
E:\VS2010_PROJ\CPP_LUA\DEBUG\USERDATA.ILK
E:\vs2010_proj\cpp_lua\Debug\userdata.lib
E:\VS2010_PROJ\CPP_LUA\DEBUG\USERDATA.PDB
E:\vs2010_proj\cpp_lua\userdata\Debug\cl.command.1.tlog
E:\vs2010_proj\cpp_lua\userdata\Debug\CL.read.1.tlog
E:\vs2010_proj\cpp_lua\userdata\Debug\CL.write.1.tlog
E:\vs2010_proj\cpp_lua\userdata\Debug\link.15076.read.1.tlog
E:\vs2010_proj\cpp_lua\userdata\Debug\link.15076.write.1.tlog
E:\vs2010_proj\cpp_lua\userdata\Debug\link.15076-cvtres.read.1.tlog
E:\vs2010_proj\cpp_lua\userdata\Debug\link.15076-cvtres.write.1.tlog
E:\vs2010_proj\cpp_lua\userdata\Debug\link.command.1.tlog
E:\vs2010_proj\cpp_lua\userdata\Debug\link.read.1.tlog
E:\vs2010_proj\cpp_lua\userdata\Debug\link.write.1.tlog
E:\vs2010_proj\cpp_lua\userdata\Debug\link-cvtres.read.1.tlog
E:\vs2010_proj\cpp_lua\userdata\Debug\link-cvtres.write.1.tlog
E:\VS2010_PROJ\CPP_LUA\USERDATA\DEBUG\MAIN.OBJ
E:\vs2010_proj\cpp_lua\userdata\Debug\mt.command.1.tlog
E:\vs2010_proj\cpp_lua\userdata\Debug\mt.read.1.tlog
E:\vs2010_proj\cpp_lua\userdata\Debug\mt.write.1.tlog
E:\vs2010_proj\cpp_lua\userdata\Debug\rc.command.1.tlog
E:\vs2010_proj\cpp_lua\userdata\Debug\rc.read.1.tlog
E:\vs2010_proj\cpp_lua\userdata\Debug\rc.write.1.tlog
E:\VS2010_PROJ\CPP_LUA\USERDATA\DEBUG\USERDATA.DLL.EMBED.MANIFEST
E:\VS2010_PROJ\CPP_LUA\USERDATA\DEBUG\USERDATA.DLL.EMBED.MANIFEST.RES
E:\VS2010_PROJ\CPP_LUA\USERDATA\DEBUG\USERDATA.DLL.INTERMEDIATE.MANIFEST
E:\vs2010_proj\cpp_lua\userdata\Debug\userdata.write.1.tlog
E:\vs2010_proj\cpp_lua\userdata\Debug\userdata_manifest.rc
E:\vs2010_proj\cpp_lua\userdata\Debug\vc100.idb
E:\VS2010_PROJ\CPP_LUA\USERDATA\DEBUG\VC100.PDB
