E:\vs2010_proj\cpp_lua\cpp_lua\Debug\cl.command.1.tlog
E:\vs2010_proj\cpp_lua\cpp_lua\Debug\CL.read.1.tlog
E:\vs2010_proj\cpp_lua\cpp_lua\Debug\CL.write.1.tlog
E:\VS2010_PROJ\CPP_LUA\CPP_LUA\DEBUG\CPP_LUA.EXE.EMBED.MANIFEST
E:\VS2010_PROJ\CPP_LUA\CPP_LUA\DEBUG\CPP_LUA.EXE.EMBED.MANIFEST.RES
E:\VS2010_PROJ\CPP_LUA\CPP_LUA\DEBUG\CPP_LUA.EXE.INTERMEDIATE.MANIFEST
E:\vs2010_proj\cpp_lua\cpp_lua\Debug\cpp_lua.write.1.tlog
E:\vs2010_proj\cpp_lua\cpp_lua\Debug\cpp_lua_manifest.rc
E:\vs2010_proj\cpp_lua\cpp_lua\Debug\link.17904.read.1.tlog
E:\vs2010_proj\cpp_lua\cpp_lua\Debug\link.17904.write.1.tlog
E:\vs2010_proj\cpp_lua\cpp_lua\Debug\link.17904-cvtres.read.1.tlog
E:\vs2010_proj\cpp_lua\cpp_lua\Debug\link.17904-cvtres.write.1.tlog
E:\vs2010_proj\cpp_lua\cpp_lua\Debug\link.command.1.tlog
E:\vs2010_proj\cpp_lua\cpp_lua\Debug\link.read.1.tlog
E:\vs2010_proj\cpp_lua\cpp_lua\Debug\link.write.1.tlog
E:\vs2010_proj\cpp_lua\cpp_lua\Debug\link-cvtres.read.1.tlog
E:\vs2010_proj\cpp_lua\cpp_lua\Debug\link-cvtres.write.1.tlog
E:\VS2010_PROJ\CPP_LUA\CPP_LUA\DEBUG\MAIN.OBJ
E:\vs2010_proj\cpp_lua\cpp_lua\Debug\mt.command.1.tlog
E:\vs2010_proj\cpp_lua\cpp_lua\Debug\mt.read.1.tlog
E:\vs2010_proj\cpp_lua\cpp_lua\Debug\mt.write.1.tlog
E:\vs2010_proj\cpp_lua\cpp_lua\Debug\rc.command.1.tlog
E:\vs2010_proj\cpp_lua\cpp_lua\Debug\rc.read.1.tlog
E:\vs2010_proj\cpp_lua\cpp_lua\Debug\rc.write.1.tlog
E:\vs2010_proj\cpp_lua\cpp_lua\Debug\vc100.idb
E:\VS2010_PROJ\CPP_LUA\CPP_LUA\DEBUG\VC100.PDB
E:\VS2010_PROJ\CPP_LUA\DEBUG\CPP_LUA.EXE
E:\VS2010_PROJ\CPP_LUA\DEBUG\CPP_LUA.ILK
E:\VS2010_PROJ\CPP_LUA\DEBUG\CPP_LUA.PDB
