生成启动时间为 2016/8/10 10:47:15。
     1>项目“E:\vs2010_proj\cpp_lua\cpp_lua\cpp_lua.vcxproj”在节点 2 上(build 个目标)。
     1>InitializeBuildStatus:
         正在创建“Debug\cpp_lua.unsuccessfulbuild”，因为已指定“AlwaysCreate”。
       ClCompile:
         C:\Program Files (x86)\Microsoft Visual Studio 10.0\VC\bin\CL.exe /c /ZI /nologo /W3 /WX- /Od /Oy- /D WIN32 /D _DEBUG /D _CONSOLE /D _UNICODE /D UNICODE /Gm /EHsc /RTC1 /MDd /GS /fp:precise /Zc:wchar_t /Zc:forScope /Fo"Debug\\" /Fd"Debug\vc100.pdb" /Gd /TP /analyze- /errorReport:prompt main.cpp
         main.cpp
       ManifestResourceCompile:
         所有输出均为最新。
       Link:
         C:\Program Files (x86)\Microsoft Visual Studio 10.0\VC\bin\link.exe /ERRORREPORT:PROMPT /OUT:"E:\vs2010_proj\cpp_lua\Debug\cpp_lua.exe" /INCREMENTAL /NOLOGO kernel32.lib user32.lib gdi32.lib winspool.lib comdlg32.lib advapi32.lib shell32.lib ole32.lib oleaut32.lib uuid.lib odbc32.lib lua5.1.lib odbccp32.lib kernel32.lib user32.lib gdi32.lib winspool.lib comdlg32.lib advapi32.lib shell32.lib ole32.lib oleaut32.lib uuid.lib odbc32.lib odbccp32.lib /MANIFEST /ManifestFile:"Debug\cpp_lua.exe.intermediate.manifest" /MANIFESTUAC:"level='asInvoker' uiAccess='false'" /DEBUG /PDB:"E:\vs2010_proj\cpp_lua\Debug\cpp_lua.pdb" /SUBSYSTEM:CONSOLE /TLBID:1 /DYNAMICBASE /NXCOMPAT /IMPLIB:"E:\vs2010_proj\cpp_lua\Debug\cpp_lua.lib" /MACHINE:X86 Debug\cpp_lua.exe.embed.manifest.res
         Debug\main.obj
       Manifest:
         C:\Program Files (x86)\Microsoft SDKs\Windows\v7.0A\bin\mt.exe /nologo /verbose /out:"Debug\cpp_lua.exe.embed.manifest" /manifest Debug\cpp_lua.exe.intermediate.manifest
         所有输出均为最新。
       LinkEmbedManifest:
         所有输出均为最新。
         cpp_lua.vcxproj -> E:\vs2010_proj\cpp_lua\Debug\cpp_lua.exe
       FinalizeBuildStatus:
         正在删除文件“Debug\cpp_lua.unsuccessfulbuild”。
         正在对“Debug\cpp_lua.lastbuildstate”执行 Touch 任务。
     1>已完成生成项目“E:\vs2010_proj\cpp_lua\cpp_lua\cpp_lua.vcxproj”(build 个目标)的操作。

生成成功。

已用时间 00:00:04.77
