生成启动时间为 2016/1/28 17:31:29。
     1>项目“E:\vs2010_proj\cpp_lua\WinFeature\WinFeature.vcxproj”在节点 2 上(rebuild 个目标)。
     1>_PrepareForClean:
         正在删除文件“Debug\WinFeature.lastbuildstate”。
       InitializeBuildStatus:
         正在对“Debug\WinFeature.unsuccessfulbuild”执行 Touch 任务。
       ClCompile:
         C:\Program Files (x86)\Microsoft Visual Studio 10.0\VC\bin\CL.exe /c /ZI /nologo /W3 /WX- /Od /Oy- /D WIN32 /D _DEBUG /D _WINDOWS /D _USRDLL /D WINFEATURE_EXPORTS /D _WINDLL /D _UNICODE /D UNICODE /Gm /EHsc /RTC1 /MDd /GS /fp:precise /Zc:wchar_t /Zc:forScope /Fo"Debug\\" /Fd"Debug\vc100.pdb" /Gd /TP /analyze- /errorReport:prompt main.cpp
         main.cpp
       ManifestResourceCompile:
         C:\Program Files (x86)\Microsoft SDKs\Windows\v7.0A\bin\rc.exe /nologo /fo"Debug\WinFeature.dll.embed.manifest.res" Debug\WinFeature_manifest.rc 
       Link:
         C:\Program Files (x86)\Microsoft Visual Studio 10.0\VC\bin\link.exe /ERRORREPORT:PROMPT /OUT:"E:\vs2010_proj\cpp_lua\Debug\WinFeature.dll" /INCREMENTAL /NOLOGO kernel32.lib user32.lib gdi32.lib winspool.lib comdlg32.lib advapi32.lib shell32.lib ole32.lib oleaut32.lib uuid.lib odbc32.lib lua5.1.lib odbccp32.lib kernel32.lib user32.lib gdi32.lib winspool.lib comdlg32.lib advapi32.lib shell32.lib ole32.lib oleaut32.lib uuid.lib odbc32.lib odbccp32.lib /MANIFEST /ManifestFile:"Debug\WinFeature.dll.intermediate.manifest" /MANIFESTUAC:"level='asInvoker' uiAccess='false'" /DEBUG /PDB:"E:\vs2010_proj\cpp_lua\Debug\WinFeature.pdb" /SUBSYSTEM:WINDOWS /TLBID:1 /DYNAMICBASE /NXCOMPAT /IMPLIB:"E:\vs2010_proj\cpp_lua\Debug\WinFeature.lib" /MACHINE:X86 /DLL Debug\WinFeature.dll.embed.manifest.res
         Debug\main.obj
            正在创建库 E:\vs2010_proj\cpp_lua\Debug\WinFeature.lib 和对象 E:\vs2010_proj\cpp_lua\Debug\WinFeature.exp
       Manifest:
         正在删除文件“Debug\WinFeature.dll.embed.manifest”。
         C:\Program Files (x86)\Microsoft SDKs\Windows\v7.0A\bin\mt.exe /nologo /verbose /out:"Debug\WinFeature.dll.embed.manifest" /manifest Debug\WinFeature.dll.intermediate.manifest
         C:\Program Files (x86)\Microsoft SDKs\Windows\v7.0A\bin\rc.exe /nologo /fo"Debug\WinFeature.dll.embed.manifest.res" Debug\WinFeature_manifest.rc 
       LinkEmbedManifest:
         C:\Program Files (x86)\Microsoft Visual Studio 10.0\VC\bin\link.exe /ERRORREPORT:PROMPT /OUT:"E:\vs2010_proj\cpp_lua\Debug\WinFeature.dll" /INCREMENTAL /NOLOGO kernel32.lib user32.lib gdi32.lib winspool.lib comdlg32.lib advapi32.lib shell32.lib ole32.lib oleaut32.lib uuid.lib odbc32.lib lua5.1.lib odbccp32.lib kernel32.lib user32.lib gdi32.lib winspool.lib comdlg32.lib advapi32.lib shell32.lib ole32.lib oleaut32.lib uuid.lib odbc32.lib odbccp32.lib /MANIFEST /ManifestFile:"Debug\WinFeature.dll.intermediate.manifest" /MANIFESTUAC:"level='asInvoker' uiAccess='false'" /DEBUG /PDB:"E:\vs2010_proj\cpp_lua\Debug\WinFeature.pdb" /SUBSYSTEM:WINDOWS /TLBID:1 /DYNAMICBASE /NXCOMPAT /IMPLIB:"E:\vs2010_proj\cpp_lua\Debug\WinFeature.lib" /MACHINE:X86 /DLL Debug\WinFeature.dll.embed.manifest.res
         Debug\main.obj
            正在创建库 E:\vs2010_proj\cpp_lua\Debug\WinFeature.lib 和对象 E:\vs2010_proj\cpp_lua\Debug\WinFeature.exp
         WinFeature.vcxproj -> E:\vs2010_proj\cpp_lua\Debug\WinFeature.dll
       FinalizeBuildStatus:
         正在删除文件“Debug\WinFeature.unsuccessfulbuild”。
         正在对“Debug\WinFeature.lastbuildstate”执行 Touch 任务。
     1>已完成生成项目“E:\vs2010_proj\cpp_lua\WinFeature\WinFeature.vcxproj”(rebuild 个目标)的操作。

生成成功。

已用时间 00:00:02.18
